<?xml version="1.0" encoding="UTF-8"?>
<!-- Generated by org.testng.reporters.JUnitXMLReporter -->
<testsuite hostname="Admin-PC" ignored="0" name="Default test" tests="4" failures="0" timestamp="2020-12-09T11:14:57 IST" time="0.137" errors="0">
  <testcase name="TC1" time="0.018" classname="TESTNG.group1"/>
  <testcase name="TC2" time="0.003" classname="TESTNG.group1"/>
  <testcase name="TC3" time="0.002" classname="TESTNG.group1"/>
  <testcase name="TC4" time="0.003" classname="TESTNG.group1"/>
</testsuite> <!-- Default test -->
