<?xml version="1.0" encoding="UTF-8"?>
<testng-results skipped="0" failed="0" ignored="0" total="4" passed="4">
  <reporter-output>
  </reporter-output>
  <suite name="Suite" duration-ms="116" started-at="2020-12-09T11:19:35 IST" finished-at="2020-12-09T11:19:35 IST">
    <groups>
      <group name="module1">
        <method signature="group1.TC1()[pri:0, instance:TESTNG.group1@1fe2924]" name="TC1" class="TESTNG.group1"/>
        <method signature="group1.TC3()[pri:0, instance:TESTNG.group1@1fe2924]" name="TC3" class="TESTNG.group1"/>
        <method signature="group1.TC4()[pri:0, instance:TESTNG.group1@1fe2924]" name="TC4" class="TESTNG.group1"/>
      </group> <!-- module1 -->
      <group name="module2">
        <method signature="group1.TC2()[pri:0, instance:TESTNG.group1@1fe2924]" name="TC2" class="TESTNG.group1"/>
      </group> <!-- module2 -->
    </groups>
    <test name="Test" duration-ms="116" started-at="2020-12-09T11:19:35 IST" finished-at="2020-12-09T11:19:35 IST">
      <class name="TESTNG.group1">
        <test-method status="PASS" signature="TC1()[pri:0, instance:TESTNG.group1@1fe2924]" name="TC1" duration-ms="15" started-at="2020-12-09T11:19:35 IST" finished-at="2020-12-09T11:19:35 IST">
          <reporter-output>
          </reporter-output>
        </test-method> <!-- TC1 -->
        <test-method status="PASS" signature="TC2()[pri:0, instance:TESTNG.group1@1fe2924]" name="TC2" duration-ms="4" started-at="2020-12-09T11:19:35 IST" finished-at="2020-12-09T11:19:35 IST">
          <reporter-output>
          </reporter-output>
        </test-method> <!-- TC2 -->
        <test-method status="PASS" signature="TC3()[pri:0, instance:TESTNG.group1@1fe2924]" name="TC3" duration-ms="5" started-at="2020-12-09T11:19:35 IST" finished-at="2020-12-09T11:19:35 IST">
          <reporter-output>
          </reporter-output>
        </test-method> <!-- TC3 -->
        <test-method status="PASS" signature="TC4()[pri:0, instance:TESTNG.group1@1fe2924]" name="TC4" duration-ms="4" started-at="2020-12-09T11:19:35 IST" finished-at="2020-12-09T11:19:35 IST">
          <reporter-output>
          </reporter-output>
        </test-method> <!-- TC4 -->
      </class> <!-- TESTNG.group1 -->
    </test> <!-- Test -->
  </suite> <!-- Suite -->
</testng-results>
