<?xml version="1.0" encoding="UTF-8"?>
<!-- Generated by org.testng.reporters.JUnitXMLReporter -->
<testsuite hostname="Admin-PC" ignored="0" name="Test" tests="4" failures="0" timestamp="2020-12-09T11:19:35 IST" time="0.116" errors="0">
  <testcase name="TC1" time="0.015" classname="TESTNG.group1"/>
  <testcase name="TC2" time="0.004" classname="TESTNG.group1"/>
  <testcase name="TC3" time="0.005" classname="TESTNG.group1"/>
  <testcase name="TC4" time="0.004" classname="TESTNG.group1"/>
</testsuite> <!-- Test -->
